# JRE version: OpenJDK Runtime Environment (17.0.7) (build 17.0.7+0-b2043.56-10550314)
# Java VM: OpenJDK 64-Bit Server VM (17.0.7+0-b2043.56-10550314, mixed mode, tiered, compressed oops, compressed class ptrs, parallel gc, windows-amd64)
GC Precious Log:
 CPUs: 4 total, 4 available
 Memory: 12213M
 Large Page Support: Disabled
 NUMA Support: Disabled
 Compressed Oops: Enabled (Zero based)
 Alignments: Space 512K, Generation 512K, Heap 2M
 Heap Min Capacity: 8M
 Heap Initial Capacity: 192M
 Heap Max Capacity: 6G
 Pre-touch: Disabled
 Parallel Workers: 4
Heap:
 PSYoungGen      total 82432K, used 16585K [0x0000000780000000, 0x0000000787600000, 0x0000000800000000)
  eden space 46080K, 34% used [0x0000000780000000,0x0000000780f6a7d0,0x0000000782d00000)
  from space 36352K, 2% used [0x0000000782d00000,0x0000000782dc8000,0x0000000785080000)
  to   space 35840K, 0% used [0x0000000785300000,0x0000000785300000,0x0000000787600000)
 ParOldGen       total 344576K, used 238417K [0x0000000680000000, 0x0000000695080000, 0x0000000780000000)
  object space 344576K, 69% used [0x0000000680000000,0x000000068e8d47b0,0x0000000695080000)
 Metaspace       used 120285K, committed 121600K, reserved 1179648K
  class space    used 16205K, committed 16832K, reserved 1048576K
GC Heap History (20 events):
Event: 212.441 GC heap before
{Heap before GC invocations=52 (full 5):
 PSYoungGen      total 57856K, used 52457K [0x0000000780000000, 0x0000000785700000, 0x0000000800000000)
  eden space 33792K, 100% used [0x0000000780000000,0x0000000782100000,0x0000000782100000)
  from space 24064K, 77% used [0x0000000782100000,0x000000078333a428,0x0000000783880000)
  to   space 26112K, 0% used [0x0000000783d80000,0x0000000783d80000,0x0000000785700000)
 ParOldGen       total 221184K, used 196588K [0x0000000680000000, 0x000000068d800000, 0x0000000780000000)
  object space 221184K, 88% used [0x0000000680000000,0x000000068bffb2e8,0x000000068d800000)
 Metaspace       used 120055K, committed 121280K, reserved 1179648K
  class space    used 16218K, committed 16832K, reserved 1048576K
}
Event: 212.463 GC heap after
{Heap after GC invocations=52 (full 5):
 PSYoungGen      total 60928K, used 21169K [0x0000000780000000, 0x0000000785b00000, 0x0000000800000000)
  eden space 34816K, 0% used [0x0000000780000000,0x0000000780000000,0x0000000782200000)
  from space 26112K, 81% used [0x0000000783d80000,0x000000078522c490,0x0000000785700000)
  to   space 28160K, 0% used [0x0000000782200000,0x0000000782200000,0x0000000783d80000)
 ParOldGen       total 221184K, used 212950K [0x0000000680000000, 0x000000068d800000, 0x0000000780000000)
  object space 221184K, 96% used [0x0000000680000000,0x000000068cff5a58,0x000000068d800000)
 Metaspace       used 120055K, committed 121280K, reserved 1179648K
  class space    used 16218K, committed 16832K, reserved 1048576K
}
Event: 212.463 GC heap before
{Heap before GC invocations=53 (full 6):
 PSYoungGen      total 60928K, used 21169K [0x0000000780000000, 0x0000000785b00000, 0x0000000800000000)
  eden space 34816K, 0% used [0x0000000780000000,0x0000000780000000,0x0000000782200000)
  from space 26112K, 81% used [0x0000000783d80000,0x000000078522c490,0x0000000785700000)
  to   space 28160K, 0% used [0x0000000782200000,0x0000000782200000,0x0000000783d80000)
 ParOldGen       total 221184K, used 212950K [0x0000000680000000, 0x000000068d800000, 0x0000000780000000)
  object space 221184K, 96% used [0x0000000680000000,0x000000068cff5a58,0x000000068d800000)
 Metaspace       used 120055K, committed 121280K, reserved 1179648K
  class space    used 16218K, committed 16832K, reserved 1048576K
}
Event: 212.741 GC heap after
{Heap after GC invocations=53 (full 6):
 PSYoungGen      total 62976K, used 0K [0x0000000780000000, 0x0000000785e00000, 0x0000000800000000)
  eden space 34816K, 0% used [0x0000000780000000,0x0000000780000000,0x0000000782200000)
  from space 28160K, 0% used [0x0000000782200000,0x0000000782200000,0x0000000783d80000)
  to   space 28160K, 0% used [0x0000000784280000,0x0000000784280000,0x0000000785e00000)
 ParOldGen       total 344576K, used 206246K [0x0000000680000000, 0x0000000695080000, 0x0000000780000000)
  object space 344576K, 59% used [0x0000000680000000,0x000000068c969ac8,0x0000000695080000)
 Metaspace       used 119934K, committed 121280K, reserved 1179648K
  class space    used 16189K, committed 16832K, reserved 1048576K
}
Event: 213.027 GC heap before
{Heap before GC invocations=54 (full 6):
 PSYoungGen      total 62976K, used 34816K [0x0000000780000000, 0x0000000785e00000, 0x0000000800000000)
  eden space 34816K, 100% used [0x0000000780000000,0x0000000782200000,0x0000000782200000)
  from space 28160K, 0% used [0x0000000782200000,0x0000000782200000,0x0000000783d80000)
  to   space 28160K, 0% used [0x0000000784280000,0x0000000784280000,0x0000000785e00000)
 ParOldGen       total 344576K, used 206268K [0x0000000680000000, 0x0000000695080000, 0x0000000780000000)
  object space 344576K, 59% used [0x0000000680000000,0x000000068c96f3d8,0x0000000695080000)
 Metaspace       used 119934K, committed 121280K, reserved 1179648K
  class space    used 16189K, committed 16832K, reserved 1048576K
}
Event: 213.034 GC heap after
{Heap after GC invocations=54 (full 6):
 PSYoungGen      total 66048K, used 21123K [0x0000000780000000, 0x0000000786200000, 0x0000000800000000)
  eden space 37888K, 0% used [0x0000000780000000,0x0000000780000000,0x0000000782500000)
  from space 28160K, 75% used [0x0000000784280000,0x0000000785720c80,0x0000000785e00000)
  to   space 30208K, 0% used [0x0000000782500000,0x0000000782500000,0x0000000784280000)
 ParOldGen       total 344576K, used 206276K [0x0000000680000000, 0x0000000695080000, 0x0000000780000000)
  object space 344576K, 59% used [0x0000000680000000,0x000000068c9713d8,0x0000000695080000)
 Metaspace       used 119934K, committed 121280K, reserved 1179648K
  class space    used 16189K, committed 16832K, reserved 1048576K
}
Event: 213.272 GC heap before
{Heap before GC invocations=55 (full 6):
 PSYoungGen      total 66048K, used 59011K [0x0000000780000000, 0x0000000786200000, 0x0000000800000000)
  eden space 37888K, 100% used [0x0000000780000000,0x0000000782500000,0x0000000782500000)
  from space 28160K, 75% used [0x0000000784280000,0x0000000785720c80,0x0000000785e00000)
  to   space 30208K, 0% used [0x0000000782500000,0x0000000782500000,0x0000000784280000)
 ParOldGen       total 344576K, used 206428K [0x0000000680000000, 0x0000000695080000, 0x0000000780000000)
  object space 344576K, 59% used [0x0000000680000000,0x000000068c997308,0x0000000695080000)
 Metaspace       used 119939K, committed 121280K, reserved 1179648K
  class space    used 16189K, committed 16832K, reserved 1048576K
}
Event: 213.295 GC heap after
{Heap after GC invocations=55 (full 6):
 PSYoungGen      total 68096K, used 23446K [0x0000000780000000, 0x0000000786a00000, 0x0000000800000000)
  eden space 37888K, 0% used [0x0000000780000000,0x0000000780000000,0x0000000782500000)
  from space 30208K, 77% used [0x0000000782500000,0x0000000783be5840,0x0000000784280000)
  to   space 32256K, 0% used [0x0000000784a80000,0x0000000784a80000,0x0000000786a00000)
 ParOldGen       total 344576K, used 248936K [0x0000000680000000, 0x0000000695080000, 0x0000000780000000)
  object space 344576K, 72% used [0x0000000680000000,0x000000068f31a338,0x0000000695080000)
 Metaspace       used 119939K, committed 121280K, reserved 1179648K
  class space    used 16189K, committed 16832K, reserved 1048576K
}
Event: 213.544 GC heap before
{Heap before GC invocations=56 (full 6):
 PSYoungGen      total 68096K, used 61334K [0x0000000780000000, 0x0000000786a00000, 0x0000000800000000)
  eden space 37888K, 100% used [0x0000000780000000,0x0000000782500000,0x0000000782500000)
  from space 30208K, 77% used [0x0000000782500000,0x0000000783be5840,0x0000000784280000)
  to   space 32256K, 0% used [0x0000000784a80000,0x0000000784a80000,0x0000000786a00000)
 ParOldGen       total 344576K, used 248936K [0x0000000680000000, 0x0000000695080000, 0x0000000780000000)
  object space 344576K, 72% used [0x0000000680000000,0x000000068f31a338,0x0000000695080000)
 Metaspace       used 119939K, committed 121280K, reserved 1179648K
  class space    used 16189K, committed 16832K, reserved 1048576K
}
Event: 213.563 GC heap after
{Heap after GC invocations=56 (full 6):
 PSYoungGen      total 74240K, used 23414K [0x0000000780000000, 0x0000000786e80000, 0x0000000800000000)
  eden space 41984K, 0% used [0x0000000780000000,0x0000000780000000,0x0000000782900000)
  from space 32256K, 72% used [0x0000000784a80000,0x000000078615d840,0x0000000786a00000)
  to   space 34304K, 0% used [0x0000000782900000,0x0000000782900000,0x0000000784a80000)
 ParOldGen       total 344576K, used 293944K [0x0000000680000000, 0x0000000695080000, 0x0000000780000000)
  object space 344576K, 85% used [0x0000000680000000,0x0000000691f0e358,0x0000000695080000)
 Metaspace       used 119939K, committed 121280K, reserved 1179648K
  class space    used 16189K, committed 16832K, reserved 1048576K
}
Event: 213.898 GC heap before
{Heap before GC invocations=57 (full 6):
 PSYoungGen      total 74240K, used 65370K [0x0000000780000000, 0x0000000786e80000, 0x0000000800000000)
  eden space 41984K, 99% used [0x0000000780000000,0x00000007828f9248,0x0000000782900000)
  from space 32256K, 72% used [0x0000000784a80000,0x000000078615d840,0x0000000786a00000)
  to   space 34304K, 0% used [0x0000000782900000,0x0000000782900000,0x0000000784a80000)
 ParOldGen       total 344576K, used 302121K [0x0000000680000000, 0x0000000695080000, 0x0000000780000000)
  object space 344576K, 87% used [0x0000000680000000,0x000000069270a710,0x0000000695080000)
 Metaspace       used 119941K, committed 121280K, reserved 1179648K
  class space    used 16189K, committed 16832K, reserved 1048576K
}
Event: 213.920 GC heap after
{Heap after GC invocations=57 (full 6):
 PSYoungGen      total 76288K, used 23210K [0x0000000780000000, 0x0000000787080000, 0x0000000800000000)
  eden space 41984K, 0% used [0x0000000780000000,0x0000000780000000,0x0000000782900000)
  from space 34304K, 67% used [0x0000000782900000,0x0000000783faaa00,0x0000000784a80000)
  to   space 35328K, 0% used [0x0000000784e00000,0x0000000784e00000,0x0000000787080000)
 ParOldGen       total 344576K, used 324621K [0x0000000680000000, 0x0000000695080000, 0x0000000780000000)
  object space 344576K, 94% used [0x0000000680000000,0x0000000693d03720,0x0000000695080000)
 Metaspace       used 119941K, committed 121280K, reserved 1179648K
  class space    used 16189K, committed 16832K, reserved 1048576K
}
Event: 213.920 GC heap before
{Heap before GC invocations=58 (full 7):
 PSYoungGen      total 76288K, used 23210K [0x0000000780000000, 0x0000000787080000, 0x0000000800000000)
  eden space 41984K, 0% used [0x0000000780000000,0x0000000780000000,0x0000000782900000)
  from space 34304K, 67% used [0x0000000782900000,0x0000000783faaa00,0x0000000784a80000)
  to   space 35328K, 0% used [0x0000000784e00000,0x0000000784e00000,0x0000000787080000)
 ParOldGen       total 344576K, used 324621K [0x0000000680000000, 0x0000000695080000, 0x0000000780000000)
  object space 344576K, 94% used [0x0000000680000000,0x0000000693d03720,0x0000000695080000)
 Metaspace       used 119941K, committed 121280K, reserved 1179648K
  class space    used 16189K, committed 16832K, reserved 1048576K
}
Event: 214.158 GC heap after
{Heap after GC invocations=58 (full 7):
 PSYoungGen      total 79872K, used 0K [0x0000000780000000, 0x0000000787280000, 0x0000000800000000)
  eden space 44544K, 0% used [0x0000000780000000,0x0000000780000000,0x0000000782b80000)
  from space 35328K, 0% used [0x0000000784e00000,0x0000000784e00000,0x0000000787080000)
  to   space 35328K, 0% used [0x0000000782b80000,0x0000000782b80000,0x0000000784e00000)
 ParOldGen       total 344576K, used 236146K [0x0000000680000000, 0x0000000695080000, 0x0000000780000000)
  object space 344576K, 68% used [0x0000000680000000,0x000000068e69c990,0x0000000695080000)
 Metaspace       used 119941K, committed 121280K, reserved 1179648K
  class space    used 16189K, committed 16832K, reserved 1048576K
}
Event: 214.526 GC heap before
{Heap before GC invocations=59 (full 7):
 PSYoungGen      total 79872K, used 44544K [0x0000000780000000, 0x0000000787280000, 0x0000000800000000)
  eden space 44544K, 100% used [0x0000000780000000,0x0000000782b80000,0x0000000782b80000)
  from space 35328K, 0% used [0x0000000784e00000,0x0000000784e00000,0x0000000787080000)
  to   space 35328K, 0% used [0x0000000782b80000,0x0000000782b80000,0x0000000784e00000)
 ParOldGen       total 344576K, used 238202K [0x0000000680000000, 0x0000000695080000, 0x0000000780000000)
  object space 344576K, 69% used [0x0000000680000000,0x000000068e89ead0,0x0000000695080000)
 Metaspace       used 119942K, committed 121280K, reserved 1179648K
  class space    used 16189K, committed 16832K, reserved 1048576K
}
Event: 214.527 GC heap after
{Heap after GC invocations=59 (full 7):
 PSYoungGen      total 79872K, used 302K [0x0000000780000000, 0x0000000787380000, 0x0000000800000000)
  eden space 44544K, 0% used [0x0000000780000000,0x0000000780000000,0x0000000782b80000)
  from space 35328K, 0% used [0x0000000782b80000,0x0000000782bcbbd0,0x0000000784e00000)
  to   space 35840K, 0% used [0x0000000785080000,0x0000000785080000,0x0000000787380000)
 ParOldGen       total 344576K, used 238202K [0x0000000680000000, 0x0000000695080000, 0x0000000780000000)
  object space 344576K, 69% used [0x0000000680000000,0x000000068e89ead0,0x0000000695080000)
 Metaspace       used 119942K, committed 121280K, reserved 1179648K
  class space    used 16189K, committed 16832K, reserved 1048576K
}
Event: 214.969 GC heap before
{Heap before GC invocations=60 (full 7):
 PSYoungGen      total 79872K, used 44846K [0x0000000780000000, 0x0000000787380000, 0x0000000800000000)
  eden space 44544K, 100% used [0x0000000780000000,0x0000000782b80000,0x0000000782b80000)
  from space 35328K, 0% used [0x0000000782b80000,0x0000000782bcbbd0,0x0000000784e00000)
  to   space 35840K, 0% used [0x0000000785080000,0x0000000785080000,0x0000000787380000)
 ParOldGen       total 344576K, used 238392K [0x0000000680000000, 0x0000000695080000, 0x0000000780000000)
  object space 344576K, 69% used [0x0000000680000000,0x000000068e8ce0c8,0x0000000695080000)
 Metaspace       used 119945K, committed 121280K, reserved 1179648K
  class space    used 16189K, committed 16832K, reserved 1048576K
}
Event: 214.971 GC heap after
{Heap after GC invocations=60 (full 7):
 PSYoungGen      total 81920K, used 652K [0x0000000780000000, 0x0000000787480000, 0x0000000800000000)
  eden space 46080K, 0% used [0x0000000780000000,0x0000000780000000,0x0000000782d00000)
  from space 35840K, 1% used [0x0000000785080000,0x0000000785123398,0x0000000787380000)
  to   space 36352K, 0% used [0x0000000782d00000,0x0000000782d00000,0x0000000785080000)
 ParOldGen       total 344576K, used 238400K [0x0000000680000000, 0x0000000695080000, 0x0000000780000000)
  object space 344576K, 69% used [0x0000000680000000,0x000000068e8d00c8,0x0000000695080000)
 Metaspace       used 119945K, committed 121280K, reserved 1179648K
  class space    used 16189K, committed 16832K, reserved 1048576K
}
Event: 217.058 GC heap before
{Heap before GC invocations=61 (full 7):
 PSYoungGen      total 81920K, used 46732K [0x0000000780000000, 0x0000000787480000, 0x0000000800000000)
  eden space 46080K, 100% used [0x0000000780000000,0x0000000782d00000,0x0000000782d00000)
  from space 35840K, 1% used [0x0000000785080000,0x0000000785123398,0x0000000787380000)
  to   space 36352K, 0% used [0x0000000782d00000,0x0000000782d00000,0x0000000785080000)
 ParOldGen       total 344576K, used 238409K [0x0000000680000000, 0x0000000695080000, 0x0000000780000000)
  object space 344576K, 69% used [0x0000000680000000,0x000000068e8d27b0,0x0000000695080000)
 Metaspace       used 120089K, committed 121408K, reserved 1179648K
  class space    used 16194K, committed 16832K, reserved 1048576K
}
Event: 217.061 GC heap after
{Heap after GC invocations=61 (full 7):
 PSYoungGen      total 82432K, used 800K [0x0000000780000000, 0x0000000787600000, 0x0000000800000000)
  eden space 46080K, 0% used [0x0000000780000000,0x0000000780000000,0x0000000782d00000)
  from space 36352K, 2% used [0x0000000782d00000,0x0000000782dc8000,0x0000000785080000)
  to   space 35840K, 0% used [0x0000000785300000,0x0000000785300000,0x0000000787600000)
 ParOldGen       total 344576K, used 238417K [0x0000000680000000, 0x0000000695080000, 0x0000000780000000)
  object space 344576K, 69% used [0x0000000680000000,0x000000068e8d47b0,0x0000000695080000)
 Metaspace       used 120089K, committed 121408K, reserved 1179648K
  class space    used 16194K, committed 16832K, reserved 1048576K
}

