# JRE version: OpenJDK Runtime Environment (17.0.7) (build 17.0.7+0-b2043.56-10550314)
# Java VM: OpenJDK 64-Bit Server VM (17.0.7+0-b2043.56-10550314, mixed mode, tiered, compressed oops, compressed class ptrs, parallel gc, windows-amd64)
GC Precious Log:
 CPUs: 4 total, 4 available
 Memory: 12213M
 Large Page Support: Disabled
 NUMA Support: Disabled
 Compressed Oops: Enabled (Zero based)
 Alignments: Space 512K, Generation 512K, Heap 2M
 Heap Min Capacity: 8M
 Heap Initial Capacity: 192M
 Heap Max Capacity: 6G
 Pre-touch: Disabled
 Parallel Workers: 4
Heap:
 PSYoungGen      total 1881600K, used 925025K [0x0000000780000000, 0x0000000800000000, 0x0000000800000000)
  eden space 1677312K, 54% used [0x0000000780000000,0x00000007b802f120,0x00000007e6600000)
  from space 204288K, 3% used [0x00000007e6600000,0x00000007e6d29670,0x00000007f2d80000)
  to   space 206336K, 0% used [0x00000007f3680000,0x00000007f3680000,0x0000000800000000)
 ParOldGen       total 435712K, used 324597K [0x0000000680000000, 0x000000069a980000, 0x0000000780000000)
  object space 435712K, 74% used [0x0000000680000000,0x0000000693cfd7e8,0x000000069a980000)
 Metaspace       used 251733K, committed 253568K, reserved 1310720K
  class space    used 32209K, committed 33088K, reserved 1048576K
GC Heap History (20 events):
Event: 730.465 GC heap before
{Heap before GC invocations=46 (full 7):
 PSYoungGen      total 1204224K, used 1202203K [0x0000000780000000, 0x00000007e2680000, 0x0000000800000000)
  eden space 1032704K, 100% used [0x0000000780000000,0x00000007bf080000,0x00000007bf080000)
  from space 171520K, 98% used [0x00000007bf080000,0x00000007c9606fb8,0x00000007c9800000)
  to   space 195584K, 0% used [0x00000007d6780000,0x00000007d6780000,0x00000007e2680000)
 ParOldGen       total 435712K, used 257583K [0x0000000680000000, 0x000000069a980000, 0x0000000780000000)
  object space 435712K, 59% used [0x0000000680000000,0x000000068fb8be98,0x000000069a980000)
 Metaspace       used 251094K, committed 252928K, reserved 1310720K
  class space    used 32195K, committed 33088K, reserved 1048576K
}
Event: 730.773 GC heap after
{Heap after GC invocations=46 (full 7):
 PSYoungGen      total 1399296K, used 163265K [0x0000000780000000, 0x00000007e6180000, 0x0000000800000000)
  eden space 1203712K, 0% used [0x0000000780000000,0x0000000780000000,0x00000007c9780000)
  from space 195584K, 83% used [0x00000007d6780000,0x00000007e06f0578,0x00000007e2680000)
  to   space 212992K, 0% used [0x00000007c9780000,0x00000007c9780000,0x00000007d6780000)
 ParOldGen       total 435712K, used 257591K [0x0000000680000000, 0x000000069a980000, 0x0000000780000000)
  object space 435712K, 59% used [0x0000000680000000,0x000000068fb8de98,0x000000069a980000)
 Metaspace       used 251094K, committed 252928K, reserved 1310720K
  class space    used 32195K, committed 33088K, reserved 1048576K
}
Event: 736.894 GC heap before
{Heap before GC invocations=47 (full 7):
 PSYoungGen      total 1399296K, used 1366977K [0x0000000780000000, 0x00000007e6180000, 0x0000000800000000)
  eden space 1203712K, 100% used [0x0000000780000000,0x00000007c9780000,0x00000007c9780000)
  from space 195584K, 83% used [0x00000007d6780000,0x00000007e06f0578,0x00000007e2680000)
  to   space 212992K, 0% used [0x00000007c9780000,0x00000007c9780000,0x00000007d6780000)
 ParOldGen       total 435712K, used 257591K [0x0000000680000000, 0x000000069a980000, 0x0000000780000000)
  object space 435712K, 59% used [0x0000000680000000,0x000000068fb8de98,0x000000069a980000)
 Metaspace       used 251132K, committed 252992K, reserved 1310720K
  class space    used 32195K, committed 33088K, reserved 1048576K
}
Event: 739.473 GC heap after
{Heap after GC invocations=47 (full 7):
 PSYoungGen      total 1416704K, used 151003K [0x0000000780000000, 0x00000007fa400000, 0x0000000800000000)
  eden space 1203712K, 0% used [0x0000000780000000,0x0000000780000000,0x00000007c9780000)
  from space 212992K, 70% used [0x00000007c9780000,0x00000007d2af6f00,0x00000007d6780000)
  to   space 221696K, 0% used [0x00000007ecb80000,0x00000007ecb80000,0x00000007fa400000)
 ParOldGen       total 435712K, used 268016K [0x0000000680000000, 0x000000069a980000, 0x0000000780000000)
  object space 435712K, 61% used [0x0000000680000000,0x00000006905bc168,0x000000069a980000)
 Metaspace       used 251132K, committed 252992K, reserved 1310720K
  class space    used 32195K, committed 33088K, reserved 1048576K
}
Event: 743.313 GC heap before
{Heap before GC invocations=48 (full 7):
 PSYoungGen      total 1416704K, used 1354715K [0x0000000780000000, 0x00000007fa400000, 0x0000000800000000)
  eden space 1203712K, 100% used [0x0000000780000000,0x00000007c9780000,0x00000007c9780000)
  from space 212992K, 70% used [0x00000007c9780000,0x00000007d2af6f00,0x00000007d6780000)
  to   space 221696K, 0% used [0x00000007ecb80000,0x00000007ecb80000,0x00000007fa400000)
 ParOldGen       total 435712K, used 268016K [0x0000000680000000, 0x000000069a980000, 0x0000000780000000)
  object space 435712K, 61% used [0x0000000680000000,0x00000006905bc168,0x000000069a980000)
 Metaspace       used 251163K, committed 252992K, reserved 1310720K
  class space    used 32195K, committed 33088K, reserved 1048576K
}
Event: 746.872 GC heap after
{Heap after GC invocations=48 (full 7):
 PSYoungGen      total 1700352K, used 160568K [0x0000000780000000, 0x00000007f8680000, 0x0000000800000000)
  eden space 1508864K, 0% used [0x0000000780000000,0x0000000780000000,0x00000007dc180000)
  from space 191488K, 83% used [0x00000007ecb80000,0x00000007f684e2d0,0x00000007f8680000)
  to   space 231936K, 0% used [0x00000007dc180000,0x00000007dc180000,0x00000007ea400000)
 ParOldGen       total 435712K, used 280551K [0x0000000680000000, 0x000000069a980000, 0x0000000780000000)
  object space 435712K, 64% used [0x0000000680000000,0x00000006911f9d20,0x000000069a980000)
 Metaspace       used 251163K, committed 252992K, reserved 1310720K
  class space    used 32195K, committed 33088K, reserved 1048576K
}
Event: 756.442 GC heap before
{Heap before GC invocations=49 (full 7):
 PSYoungGen      total 1700352K, used 1669432K [0x0000000780000000, 0x00000007f8680000, 0x0000000800000000)
  eden space 1508864K, 100% used [0x0000000780000000,0x00000007dc180000,0x00000007dc180000)
  from space 191488K, 83% used [0x00000007ecb80000,0x00000007f684e2d0,0x00000007f8680000)
  to   space 231936K, 0% used [0x00000007dc180000,0x00000007dc180000,0x00000007ea400000)
 ParOldGen       total 435712K, used 280551K [0x0000000680000000, 0x000000069a980000, 0x0000000780000000)
  object space 435712K, 64% used [0x0000000680000000,0x00000006911f9d20,0x000000069a980000)
 Metaspace       used 251246K, committed 253120K, reserved 1310720K
  class space    used 32195K, committed 33088K, reserved 1048576K
}
Event: 768.778 GC heap after
{Heap after GC invocations=49 (full 7):
 PSYoungGen      total 1740800K, used 124409K [0x0000000780000000, 0x0000000800000000, 0x0000000800000000)
  eden space 1508864K, 0% used [0x0000000780000000,0x0000000780000000,0x00000007dc180000)
  from space 231936K, 53% used [0x00000007dc180000,0x00000007e3afe5c8,0x00000007ea400000)
  to   space 225792K, 0% used [0x00000007f2380000,0x00000007f2380000,0x0000000800000000)
 ParOldGen       total 435712K, used 308887K [0x0000000680000000, 0x000000069a980000, 0x0000000780000000)
  object space 435712K, 70% used [0x0000000680000000,0x0000000692da5ee8,0x000000069a980000)
 Metaspace       used 251246K, committed 253120K, reserved 1310720K
  class space    used 32195K, committed 33088K, reserved 1048576K
}
Event: 776.658 GC heap before
{Heap before GC invocations=50 (full 7):
 PSYoungGen      total 1740800K, used 1633273K [0x0000000780000000, 0x0000000800000000, 0x0000000800000000)
  eden space 1508864K, 100% used [0x0000000780000000,0x00000007dc180000,0x00000007dc180000)
  from space 231936K, 53% used [0x00000007dc180000,0x00000007e3afe5c8,0x00000007ea400000)
  to   space 225792K, 0% used [0x00000007f2380000,0x00000007f2380000,0x0000000800000000)
 ParOldGen       total 435712K, used 308887K [0x0000000680000000, 0x000000069a980000, 0x0000000780000000)
  object space 435712K, 70% used [0x0000000680000000,0x0000000692da5ee8,0x000000069a980000)
 Metaspace       used 251348K, committed 253184K, reserved 1310720K
  class space    used 32203K, committed 33088K, reserved 1048576K
}
Event: 788.347 GC heap after
{Heap after GC invocations=50 (full 7):
 PSYoungGen      total 1857024K, used 46853K [0x0000000780000000, 0x00000007ff800000, 0x0000000800000000)
  eden space 1639424K, 0% used [0x0000000780000000,0x0000000780000000,0x00000007e4100000)
  from space 217600K, 21% used [0x00000007f2380000,0x00000007f51416d8,0x00000007ff800000)
  to   space 224768K, 0% used [0x00000007e4100000,0x00000007e4100000,0x00000007f1c80000)
 ParOldGen       total 435712K, used 316784K [0x0000000680000000, 0x000000069a980000, 0x0000000780000000)
  object space 435712K, 72% used [0x0000000680000000,0x000000069355c3f8,0x000000069a980000)
 Metaspace       used 251348K, committed 253184K, reserved 1310720K
  class space    used 32203K, committed 33088K, reserved 1048576K
}
Event: 804.782 GC heap before
{Heap before GC invocations=51 (full 7):
 PSYoungGen      total 1857024K, used 1686277K [0x0000000780000000, 0x00000007ff800000, 0x0000000800000000)
  eden space 1639424K, 100% used [0x0000000780000000,0x00000007e4100000,0x00000007e4100000)
  from space 217600K, 21% used [0x00000007f2380000,0x00000007f51416d8,0x00000007ff800000)
  to   space 224768K, 0% used [0x00000007e4100000,0x00000007e4100000,0x00000007f1c80000)
 ParOldGen       total 435712K, used 316784K [0x0000000680000000, 0x000000069a980000, 0x0000000780000000)
  object space 435712K, 72% used [0x0000000680000000,0x000000069355c3f8,0x000000069a980000)
 Metaspace       used 251404K, committed 253248K, reserved 1310720K
  class space    used 32205K, committed 33088K, reserved 1048576K
}
Event: 804.885 GC heap after
{Heap after GC invocations=51 (full 7):
 PSYoungGen      total 1864192K, used 58906K [0x0000000780000000, 0x00000007ffd00000, 0x0000000800000000)
  eden space 1639424K, 0% used [0x0000000780000000,0x0000000780000000,0x00000007e4100000)
  from space 224768K, 26% used [0x00000007e4100000,0x00000007e7a86980,0x00000007f1c80000)
  to   space 219648K, 0% used [0x00000007f2680000,0x00000007f2680000,0x00000007ffd00000)
 ParOldGen       total 435712K, used 319506K [0x0000000680000000, 0x000000069a980000, 0x0000000780000000)
  object space 435712K, 73% used [0x0000000680000000,0x0000000693804b90,0x000000069a980000)
 Metaspace       used 251404K, committed 253248K, reserved 1310720K
  class space    used 32205K, committed 33088K, reserved 1048576K
}
Event: 813.633 GC heap before
{Heap before GC invocations=52 (full 7):
 PSYoungGen      total 1864192K, used 1698330K [0x0000000780000000, 0x00000007ffd00000, 0x0000000800000000)
  eden space 1639424K, 100% used [0x0000000780000000,0x00000007e4100000,0x00000007e4100000)
  from space 224768K, 26% used [0x00000007e4100000,0x00000007e7a86980,0x00000007f1c80000)
  to   space 219648K, 0% used [0x00000007f2680000,0x00000007f2680000,0x00000007ffd00000)
 ParOldGen       total 435712K, used 319506K [0x0000000680000000, 0x000000069a980000, 0x0000000780000000)
  object space 435712K, 73% used [0x0000000680000000,0x0000000693804b90,0x000000069a980000)
 Metaspace       used 251476K, committed 253312K, reserved 1310720K
  class space    used 32207K, committed 33088K, reserved 1048576K
}
Event: 813.721 GC heap after
{Heap after GC invocations=52 (full 7):
 PSYoungGen      total 1856000K, used 71010K [0x0000000780000000, 0x00000007fed00000, 0x0000000800000000)
  eden space 1652736K, 0% used [0x0000000780000000,0x0000000780000000,0x00000007e4e00000)
  from space 203264K, 34% used [0x00000007f2680000,0x00000007f6bd8bf0,0x00000007fed00000)
  to   space 212480K, 0% used [0x00000007e4e00000,0x00000007e4e00000,0x00000007f1d80000)
 ParOldGen       total 435712K, used 321816K [0x0000000680000000, 0x000000069a980000, 0x0000000780000000)
  object space 435712K, 73% used [0x0000000680000000,0x0000000693a46318,0x000000069a980000)
 Metaspace       used 251476K, committed 253312K, reserved 1310720K
  class space    used 32207K, committed 33088K, reserved 1048576K
}
Event: 820.577 GC heap before
{Heap before GC invocations=53 (full 7):
 PSYoungGen      total 1856000K, used 1723746K [0x0000000780000000, 0x00000007fed00000, 0x0000000800000000)
  eden space 1652736K, 100% used [0x0000000780000000,0x00000007e4e00000,0x00000007e4e00000)
  from space 203264K, 34% used [0x00000007f2680000,0x00000007f6bd8bf0,0x00000007fed00000)
  to   space 212480K, 0% used [0x00000007e4e00000,0x00000007e4e00000,0x00000007f1d80000)
 ParOldGen       total 435712K, used 321816K [0x0000000680000000, 0x000000069a980000, 0x0000000780000000)
  object space 435712K, 73% used [0x0000000680000000,0x0000000693a46318,0x000000069a980000)
 Metaspace       used 251532K, committed 253376K, reserved 1310720K
  class space    used 32207K, committed 33088K, reserved 1048576K
}
Event: 820.637 GC heap after
{Heap after GC invocations=53 (full 7):
 PSYoungGen      total 1865216K, used 56165K [0x0000000780000000, 0x00000007fff00000, 0x0000000800000000)
  eden space 1652736K, 0% used [0x0000000780000000,0x0000000780000000,0x00000007e4e00000)
  from space 212480K, 26% used [0x00000007e4e00000,0x00000007e84d9750,0x00000007f1d80000)
  to   space 207360K, 0% used [0x00000007f3480000,0x00000007f3480000,0x00000007fff00000)
 ParOldGen       total 435712K, used 324445K [0x0000000680000000, 0x000000069a980000, 0x0000000780000000)
  object space 435712K, 74% used [0x0000000680000000,0x0000000693cd77e8,0x000000069a980000)
 Metaspace       used 251532K, committed 253376K, reserved 1310720K
  class space    used 32207K, committed 33088K, reserved 1048576K
}
Event: 823.686 GC heap before
{Heap before GC invocations=54 (full 7):
 PSYoungGen      total 1865216K, used 1708901K [0x0000000780000000, 0x00000007fff00000, 0x0000000800000000)
  eden space 1652736K, 100% used [0x0000000780000000,0x00000007e4e00000,0x00000007e4e00000)
  from space 212480K, 26% used [0x00000007e4e00000,0x00000007e84d9750,0x00000007f1d80000)
  to   space 207360K, 0% used [0x00000007f3480000,0x00000007f3480000,0x00000007fff00000)
 ParOldGen       total 435712K, used 324445K [0x0000000680000000, 0x000000069a980000, 0x0000000780000000)
  object space 435712K, 74% used [0x0000000680000000,0x0000000693cd77e8,0x000000069a980000)
 Metaspace       used 251547K, committed 253376K, reserved 1310720K
  class space    used 32207K, committed 33088K, reserved 1048576K
}
Event: 823.721 GC heap after
{Heap after GC invocations=54 (full 7):
 PSYoungGen      total 1874432K, used 40098K [0x0000000780000000, 0x00000007ff500000, 0x0000000800000000)
  eden space 1677312K, 0% used [0x0000000780000000,0x0000000780000000,0x00000007e6600000)
  from space 197120K, 20% used [0x00000007f3480000,0x00000007f5ba8a78,0x00000007ff500000)
  to   space 204288K, 0% used [0x00000007e6600000,0x00000007e6600000,0x00000007f2d80000)
 ParOldGen       total 435712K, used 324525K [0x0000000680000000, 0x000000069a980000, 0x0000000780000000)
  object space 435712K, 74% used [0x0000000680000000,0x0000000693ceb7e8,0x000000069a980000)
 Metaspace       used 251547K, committed 253376K, reserved 1310720K
  class space    used 32207K, committed 33088K, reserved 1048576K
}
Event: 829.039 GC heap before
{Heap before GC invocations=55 (full 7):
 PSYoungGen      total 1874432K, used 1717410K [0x0000000780000000, 0x00000007ff500000, 0x0000000800000000)
  eden space 1677312K, 100% used [0x0000000780000000,0x00000007e6600000,0x00000007e6600000)
  from space 197120K, 20% used [0x00000007f3480000,0x00000007f5ba8a78,0x00000007ff500000)
  to   space 204288K, 0% used [0x00000007e6600000,0x00000007e6600000,0x00000007f2d80000)
 ParOldGen       total 435712K, used 324525K [0x0000000680000000, 0x000000069a980000, 0x0000000780000000)
  object space 435712K, 74% used [0x0000000680000000,0x0000000693ceb7e8,0x000000069a980000)
 Metaspace       used 251580K, committed 253440K, reserved 1310720K
  class space    used 32208K, committed 33088K, reserved 1048576K
}
Event: 829.047 GC heap after
{Heap after GC invocations=55 (full 7):
 PSYoungGen      total 1881600K, used 7333K [0x0000000780000000, 0x0000000800000000, 0x0000000800000000)
  eden space 1677312K, 0% used [0x0000000780000000,0x0000000780000000,0x00000007e6600000)
  from space 204288K, 3% used [0x00000007e6600000,0x00000007e6d29670,0x00000007f2d80000)
  to   space 206336K, 0% used [0x00000007f3680000,0x00000007f3680000,0x0000000800000000)
 ParOldGen       total 435712K, used 324597K [0x0000000680000000, 0x000000069a980000, 0x0000000780000000)
  object space 435712K, 74% used [0x0000000680000000,0x0000000693cfd7e8,0x000000069a980000)
 Metaspace       used 251580K, committed 253440K, reserved 1310720K
  class space    used 32208K, committed 33088K, reserved 1048576K
}

