# JRE version: OpenJDK Runtime Environment (17.0.7) (build 17.0.7+0-b2043.56-10550314)
# Java VM: OpenJDK 64-Bit Server VM (17.0.7+0-b2043.56-10550314, mixed mode, tiered, compressed oops, compressed class ptrs, parallel gc, windows-amd64)
GC Precious Log:
 CPUs: 4 total, 4 available
 Memory: 12213M
 Large Page Support: Disabled
 NUMA Support: Disabled
 Compressed Oops: Enabled (Zero based)
 Alignments: Space 512K, Generation 512K, Heap 2M
 Heap Min Capacity: 8M
 Heap Initial Capacity: 192M
 Heap Max Capacity: 6G
 Pre-touch: Disabled
 Parallel Workers: 4
Heap:
 PSYoungGen      total 64512K, used 28274K [0x0000000780000000, 0x0000000784f00000, 0x0000000800000000)
  eden space 48128K, 36% used [0x0000000780000000,0x00000007811128d8,0x0000000782f00000)
  from space 16384K, 65% used [0x0000000782f00000,0x000000078398a1f8,0x0000000783f00000)
  to   space 15360K, 0% used [0x0000000784000000,0x0000000784000000,0x0000000784f00000)
 ParOldGen       total 131072K, used 21705K [0x0000000680000000, 0x0000000688000000, 0x0000000780000000)
  object space 131072K, 16% used [0x0000000680000000,0x0000000681532540,0x0000000688000000)
 Metaspace       used 54301K, committed 54784K, reserved 1114112K
  class space    used 7309K, committed 7552K, reserved 1048576K
GC Heap History (20 events):
Event: 3.809 GC heap before
{Heap before GC invocations=2 (full 0):
 PSYoungGen      total 57344K, used 57321K [0x0000000780000000, 0x0000000784000000, 0x0000000800000000)
  eden space 49152K, 100% used [0x0000000780000000,0x0000000783000000,0x0000000783000000)
  from space 8192K, 99% used [0x0000000783000000,0x00000007837fa788,0x0000000783800000)
  to   space 8192K, 0% used [0x0000000783800000,0x0000000783800000,0x0000000784000000)
 ParOldGen       total 131072K, used 1659K [0x0000000680000000, 0x0000000688000000, 0x0000000780000000)
  object space 131072K, 1% used [0x0000000680000000,0x000000068019ec38,0x0000000688000000)
 Metaspace       used 20400K, committed 20608K, reserved 1114112K
  class space    used 2420K, committed 2496K, reserved 1048576K
}
Event: 3.818 GC heap after
{Heap after GC invocations=2 (full 0):
 PSYoungGen      total 57344K, used 8166K [0x0000000780000000, 0x0000000784000000, 0x0000000800000000)
  eden space 49152K, 0% used [0x0000000780000000,0x0000000780000000,0x0000000783000000)
  from space 8192K, 99% used [0x0000000783800000,0x0000000783ff9a50,0x0000000784000000)
  to   space 8192K, 0% used [0x0000000783000000,0x0000000783000000,0x0000000783800000)
 ParOldGen       total 131072K, used 8685K [0x0000000680000000, 0x0000000688000000, 0x0000000780000000)
  object space 131072K, 6% used [0x0000000680000000,0x000000068087b5d0,0x0000000688000000)
 Metaspace       used 20400K, committed 20608K, reserved 1114112K
  class space    used 2420K, committed 2496K, reserved 1048576K
}
Event: 3.961 GC heap before
{Heap before GC invocations=3 (full 0):
 PSYoungGen      total 57344K, used 13588K [0x0000000780000000, 0x0000000784000000, 0x0000000800000000)
  eden space 49152K, 11% used [0x0000000780000000,0x000000078054b690,0x0000000783000000)
  from space 8192K, 99% used [0x0000000783800000,0x0000000783ff9a50,0x0000000784000000)
  to   space 8192K, 0% used [0x0000000783000000,0x0000000783000000,0x0000000783800000)
 ParOldGen       total 131072K, used 8685K [0x0000000680000000, 0x0000000688000000, 0x0000000780000000)
  object space 131072K, 6% used [0x0000000680000000,0x000000068087b5d0,0x0000000688000000)
 Metaspace       used 21333K, committed 21504K, reserved 1114112K
  class space    used 2573K, committed 2624K, reserved 1048576K
}
Event: 3.966 GC heap after
{Heap after GC invocations=3 (full 0):
 PSYoungGen      total 57344K, used 5215K [0x0000000780000000, 0x0000000784000000, 0x0000000800000000)
  eden space 49152K, 0% used [0x0000000780000000,0x0000000780000000,0x0000000783000000)
  from space 8192K, 63% used [0x0000000783000000,0x0000000783517e90,0x0000000783800000)
  to   space 8192K, 0% used [0x0000000783800000,0x0000000783800000,0x0000000784000000)
 ParOldGen       total 131072K, used 11841K [0x0000000680000000, 0x0000000688000000, 0x0000000780000000)
  object space 131072K, 9% used [0x0000000680000000,0x0000000680b907b8,0x0000000688000000)
 Metaspace       used 21333K, committed 21504K, reserved 1114112K
  class space    used 2573K, committed 2624K, reserved 1048576K
}
Event: 3.966 GC heap before
{Heap before GC invocations=4 (full 1):
 PSYoungGen      total 57344K, used 5215K [0x0000000780000000, 0x0000000784000000, 0x0000000800000000)
  eden space 49152K, 0% used [0x0000000780000000,0x0000000780000000,0x0000000783000000)
  from space 8192K, 63% used [0x0000000783000000,0x0000000783517e90,0x0000000783800000)
  to   space 8192K, 0% used [0x0000000783800000,0x0000000783800000,0x0000000784000000)
 ParOldGen       total 131072K, used 11841K [0x0000000680000000, 0x0000000688000000, 0x0000000780000000)
  object space 131072K, 9% used [0x0000000680000000,0x0000000680b907b8,0x0000000688000000)
 Metaspace       used 21333K, committed 21504K, reserved 1114112K
  class space    used 2573K, committed 2624K, reserved 1048576K
}
Event: 3.995 GC heap after
{Heap after GC invocations=4 (full 1):
 PSYoungGen      total 57344K, used 0K [0x0000000780000000, 0x0000000784000000, 0x0000000800000000)
  eden space 49152K, 0% used [0x0000000780000000,0x0000000780000000,0x0000000783000000)
  from space 8192K, 0% used [0x0000000783000000,0x0000000783000000,0x0000000783800000)
  to   space 8192K, 0% used [0x0000000783800000,0x0000000783800000,0x0000000784000000)
 ParOldGen       total 131072K, used 16728K [0x0000000680000000, 0x0000000688000000, 0x0000000780000000)
  object space 131072K, 12% used [0x0000000680000000,0x0000000681056218,0x0000000688000000)
 Metaspace       used 21333K, committed 21504K, reserved 1114112K
  class space    used 2573K, committed 2624K, reserved 1048576K
}
Event: 5.253 GC heap before
{Heap before GC invocations=5 (full 1):
 PSYoungGen      total 57344K, used 49152K [0x0000000780000000, 0x0000000784000000, 0x0000000800000000)
  eden space 49152K, 100% used [0x0000000780000000,0x0000000783000000,0x0000000783000000)
  from space 8192K, 0% used [0x0000000783000000,0x0000000783000000,0x0000000783800000)
  to   space 8192K, 0% used [0x0000000783800000,0x0000000783800000,0x0000000784000000)
 ParOldGen       total 131072K, used 16728K [0x0000000680000000, 0x0000000688000000, 0x0000000780000000)
  object space 131072K, 12% used [0x0000000680000000,0x0000000681056218,0x0000000688000000)
 Metaspace       used 28094K, committed 28416K, reserved 1114112K
  class space    used 3744K, committed 3904K, reserved 1048576K
}
Event: 5.257 GC heap after
{Heap after GC invocations=5 (full 1):
 PSYoungGen      total 57344K, used 2848K [0x0000000780000000, 0x0000000787000000, 0x0000000800000000)
  eden space 49152K, 0% used [0x0000000780000000,0x0000000780000000,0x0000000783000000)
  from space 8192K, 34% used [0x0000000783800000,0x0000000783ac8030,0x0000000784000000)
  to   space 8192K, 0% used [0x0000000783000000,0x0000000783000000,0x0000000783800000)
 ParOldGen       total 131072K, used 16736K [0x0000000680000000, 0x0000000688000000, 0x0000000780000000)
  object space 131072K, 12% used [0x0000000680000000,0x0000000681058218,0x0000000688000000)
 Metaspace       used 28094K, committed 28416K, reserved 1114112K
  class space    used 3744K, committed 3904K, reserved 1048576K
}
Event: 6.381 GC heap before
{Heap before GC invocations=6 (full 1):
 PSYoungGen      total 57344K, used 52000K [0x0000000780000000, 0x0000000787000000, 0x0000000800000000)
  eden space 49152K, 100% used [0x0000000780000000,0x0000000783000000,0x0000000783000000)
  from space 8192K, 34% used [0x0000000783800000,0x0000000783ac8030,0x0000000784000000)
  to   space 8192K, 0% used [0x0000000783000000,0x0000000783000000,0x0000000783800000)
 ParOldGen       total 131072K, used 16736K [0x0000000680000000, 0x0000000688000000, 0x0000000780000000)
  object space 131072K, 12% used [0x0000000680000000,0x0000000681058218,0x0000000688000000)
 Metaspace       used 34892K, committed 35200K, reserved 1114112K
  class space    used 4813K, committed 4928K, reserved 1048576K
}
Event: 6.386 GC heap after
{Heap after GC invocations=6 (full 1):
 PSYoungGen      total 56320K, used 4960K [0x0000000780000000, 0x0000000785100000, 0x0000000800000000)
  eden space 48128K, 0% used [0x0000000780000000,0x0000000780000000,0x0000000782f00000)
  from space 8192K, 60% used [0x0000000783000000,0x00000007834d8160,0x0000000783800000)
  to   space 17408K, 0% used [0x0000000784000000,0x0000000784000000,0x0000000785100000)
 ParOldGen       total 131072K, used 16744K [0x0000000680000000, 0x0000000688000000, 0x0000000780000000)
  object space 131072K, 12% used [0x0000000680000000,0x000000068105a218,0x0000000688000000)
 Metaspace       used 34892K, committed 35200K, reserved 1114112K
  class space    used 4813K, committed 4928K, reserved 1048576K
}
Event: 6.462 GC heap before
{Heap before GC invocations=7 (full 1):
 PSYoungGen      total 56320K, used 9990K [0x0000000780000000, 0x0000000785100000, 0x0000000800000000)
  eden space 48128K, 10% used [0x0000000780000000,0x00000007804e9a08,0x0000000782f00000)
  from space 8192K, 60% used [0x0000000783000000,0x00000007834d8160,0x0000000783800000)
  to   space 17408K, 0% used [0x0000000784000000,0x0000000784000000,0x0000000785100000)
 ParOldGen       total 131072K, used 16744K [0x0000000680000000, 0x0000000688000000, 0x0000000780000000)
  object space 131072K, 12% used [0x0000000680000000,0x000000068105a218,0x0000000688000000)
 Metaspace       used 35462K, committed 35840K, reserved 1114112K
  class space    used 4907K, committed 5120K, reserved 1048576K
}
Event: 6.467 GC heap after
{Heap after GC invocations=7 (full 1):
 PSYoungGen      total 63488K, used 5312K [0x0000000780000000, 0x0000000784f00000, 0x0000000800000000)
  eden space 48128K, 0% used [0x0000000780000000,0x0000000780000000,0x0000000782f00000)
  from space 15360K, 34% used [0x0000000784000000,0x0000000784530160,0x0000000784f00000)
  to   space 16384K, 0% used [0x0000000782f00000,0x0000000782f00000,0x0000000783f00000)
 ParOldGen       total 131072K, used 16744K [0x0000000680000000, 0x0000000688000000, 0x0000000780000000)
  object space 131072K, 12% used [0x0000000680000000,0x000000068105a218,0x0000000688000000)
 Metaspace       used 35462K, committed 35840K, reserved 1114112K
  class space    used 4907K, committed 5120K, reserved 1048576K
}
Event: 6.467 GC heap before
{Heap before GC invocations=8 (full 2):
 PSYoungGen      total 63488K, used 5312K [0x0000000780000000, 0x0000000784f00000, 0x0000000800000000)
  eden space 48128K, 0% used [0x0000000780000000,0x0000000780000000,0x0000000782f00000)
  from space 15360K, 34% used [0x0000000784000000,0x0000000784530160,0x0000000784f00000)
  to   space 16384K, 0% used [0x0000000782f00000,0x0000000782f00000,0x0000000783f00000)
 ParOldGen       total 131072K, used 16744K [0x0000000680000000, 0x0000000688000000, 0x0000000780000000)
  object space 131072K, 12% used [0x0000000680000000,0x000000068105a218,0x0000000688000000)
 Metaspace       used 35462K, committed 35840K, reserved 1114112K
  class space    used 4907K, committed 5120K, reserved 1048576K
}
Event: 6.509 GC heap after
{Heap after GC invocations=8 (full 2):
 PSYoungGen      total 63488K, used 0K [0x0000000780000000, 0x0000000784f00000, 0x0000000800000000)
  eden space 48128K, 0% used [0x0000000780000000,0x0000000780000000,0x0000000782f00000)
  from space 15360K, 0% used [0x0000000784000000,0x0000000784000000,0x0000000784f00000)
  to   space 16384K, 0% used [0x0000000782f00000,0x0000000782f00000,0x0000000783f00000)
 ParOldGen       total 131072K, used 21681K [0x0000000680000000, 0x0000000688000000, 0x0000000780000000)
  object space 131072K, 16% used [0x0000000680000000,0x000000068152c540,0x0000000688000000)
 Metaspace       used 35462K, committed 35840K, reserved 1114112K
  class space    used 4907K, committed 5120K, reserved 1048576K
}
Event: 7.325 GC heap before
{Heap before GC invocations=9 (full 2):
 PSYoungGen      total 63488K, used 48128K [0x0000000780000000, 0x0000000784f00000, 0x0000000800000000)
  eden space 48128K, 100% used [0x0000000780000000,0x0000000782f00000,0x0000000782f00000)
  from space 15360K, 0% used [0x0000000784000000,0x0000000784000000,0x0000000784f00000)
  to   space 16384K, 0% used [0x0000000782f00000,0x0000000782f00000,0x0000000783f00000)
 ParOldGen       total 131072K, used 21681K [0x0000000680000000, 0x0000000688000000, 0x0000000780000000)
  object space 131072K, 16% used [0x0000000680000000,0x000000068152c540,0x0000000688000000)
 Metaspace       used 41834K, committed 42176K, reserved 1114112K
  class space    used 5554K, committed 5696K, reserved 1048576K
}
Event: 7.330 GC heap after
{Heap after GC invocations=9 (full 2):
 PSYoungGen      total 64512K, used 5407K [0x0000000780000000, 0x0000000784f00000, 0x0000000800000000)
  eden space 48128K, 0% used [0x0000000780000000,0x0000000780000000,0x0000000782f00000)
  from space 16384K, 33% used [0x0000000782f00000,0x0000000783447e30,0x0000000783f00000)
  to   space 15360K, 0% used [0x0000000784000000,0x0000000784000000,0x0000000784f00000)
 ParOldGen       total 131072K, used 21689K [0x0000000680000000, 0x0000000688000000, 0x0000000780000000)
  object space 131072K, 16% used [0x0000000680000000,0x000000068152e540,0x0000000688000000)
 Metaspace       used 41834K, committed 42176K, reserved 1114112K
  class space    used 5554K, committed 5696K, reserved 1048576K
}
Event: 8.425 GC heap before
{Heap before GC invocations=10 (full 2):
 PSYoungGen      total 64512K, used 53535K [0x0000000780000000, 0x0000000784f00000, 0x0000000800000000)
  eden space 48128K, 100% used [0x0000000780000000,0x0000000782f00000,0x0000000782f00000)
  from space 16384K, 33% used [0x0000000782f00000,0x0000000783447e30,0x0000000783f00000)
  to   space 15360K, 0% used [0x0000000784000000,0x0000000784000000,0x0000000784f00000)
 ParOldGen       total 131072K, used 21689K [0x0000000680000000, 0x0000000688000000, 0x0000000780000000)
  object space 131072K, 16% used [0x0000000680000000,0x000000068152e540,0x0000000688000000)
 Metaspace       used 46631K, committed 47040K, reserved 1114112K
  class space    used 6183K, committed 6336K, reserved 1048576K
}
Event: 8.435 GC heap after
{Heap after GC invocations=10 (full 2):
 PSYoungGen      total 63488K, used 8024K [0x0000000780000000, 0x0000000784f00000, 0x0000000800000000)
  eden space 48128K, 0% used [0x0000000780000000,0x0000000780000000,0x0000000782f00000)
  from space 15360K, 52% used [0x0000000784000000,0x00000007847d61e8,0x0000000784f00000)
  to   space 16384K, 0% used [0x0000000782f00000,0x0000000782f00000,0x0000000783f00000)
 ParOldGen       total 131072K, used 21697K [0x0000000680000000, 0x0000000688000000, 0x0000000780000000)
  object space 131072K, 16% used [0x0000000680000000,0x0000000681530540,0x0000000688000000)
 Metaspace       used 46631K, committed 47040K, reserved 1114112K
  class space    used 6183K, committed 6336K, reserved 1048576K
}
Event: 10.209 GC heap before
{Heap before GC invocations=11 (full 2):
 PSYoungGen      total 63488K, used 56152K [0x0000000780000000, 0x0000000784f00000, 0x0000000800000000)
  eden space 48128K, 100% used [0x0000000780000000,0x0000000782f00000,0x0000000782f00000)
  from space 15360K, 52% used [0x0000000784000000,0x00000007847d61e8,0x0000000784f00000)
  to   space 16384K, 0% used [0x0000000782f00000,0x0000000782f00000,0x0000000783f00000)
 ParOldGen       total 131072K, used 21697K [0x0000000680000000, 0x0000000688000000, 0x0000000780000000)
  object space 131072K, 16% used [0x0000000680000000,0x0000000681530540,0x0000000688000000)
 Metaspace       used 52662K, committed 53120K, reserved 1114112K
  class space    used 7087K, committed 7296K, reserved 1048576K
}
Event: 10.223 GC heap after
{Heap after GC invocations=11 (full 2):
 PSYoungGen      total 64512K, used 10792K [0x0000000780000000, 0x0000000784f00000, 0x0000000800000000)
  eden space 48128K, 0% used [0x0000000780000000,0x0000000780000000,0x0000000782f00000)
  from space 16384K, 65% used [0x0000000782f00000,0x000000078398a1f8,0x0000000783f00000)
  to   space 15360K, 0% used [0x0000000784000000,0x0000000784000000,0x0000000784f00000)
 ParOldGen       total 131072K, used 21705K [0x0000000680000000, 0x0000000688000000, 0x0000000780000000)
  object space 131072K, 16% used [0x0000000680000000,0x0000000681532540,0x0000000688000000)
 Metaspace       used 52662K, committed 53120K, reserved 1114112K
  class space    used 7087K, committed 7296K, reserved 1048576K
}

